<?xml version="1.0" encoding="UTF-8"?>
<!-- Generated by org.testng.reporters.JUnitReportReporter -->
<testsuite skipped="0" hostname="HOMEHP-PC" name="testcases.TC_001" tests="1" failures="0" timestamp="2020-03-15T20:15:19 IST" time="40.403" errors="0">
  <testcase name="Test_1" time="40.403" classname="testcases.TC_001"/>
</testsuite> <!-- testcases.TC_001 -->
